android/app/build/intermediates/manifest_merge_blame_file/release/manifest-merger-blame-release-report.txt
1<?xml version="1.0" encoding="utf-8"?>
2<manifest xmlns:android="http://schemas.android.com/apk/res/android"
3    package="com.masterdiskon"
4    android:versionCode="107"
5    android:versionName="1.1.0.7" >
6
7    <uses-sdk
8        android:minSdkVersion="18"
8-->src/main/AndroidManifest.xml
9        android:targetSdkVersion="29" />
9-->src/main/AndroidManifest.xml
10
11    <uses-permission android:name="android.permission.INTERNET" />
11-->src/main/AndroidManifest.xml:4:5-67
11-->src/main/AndroidManifest.xml:4:22-64
12    <uses-permission android:name="android.permission.SYSTEM_ALERT_WINDOW" />
12-->src/main/AndroidManifest.xml:5:5-77
12-->src/main/AndroidManifest.xml:5:22-75
13    <uses-permission android:name="android.permission.CAMERA" />
13-->src/main/AndroidManifest.xml:6:5-64
13-->src/main/AndroidManifest.xml:6:22-62
14    <uses-permission android:name="android.permission.ACCESS_NETWORK_STATE" />
14-->[:react-native-community_netinfo] AndroidManifest.xml:9:5-79
14-->[:react-native-community_netinfo] AndroidManifest.xml:9:22-76
15    <uses-permission android:name="android.permission.ACCESS_WIFI_STATE" />
15-->[:react-native-community_netinfo] AndroidManifest.xml:10:5-76
15-->[:react-native-community_netinfo] AndroidManifest.xml:10:22-73
16    <uses-permission android:name="android.permission.WAKE_LOCK" />
16-->[:react-native-firebase_auth] AndroidManifest.xml:12:5-68
16-->[:react-native-firebase_auth] AndroidManifest.xml:12:22-65
17    <uses-permission android:name="android.permission.WRITE_EXTERNAL_STORAGE" />
17-->[:react-native-fs] AndroidManifest.xml:11:5-81
17-->[:react-native-fs] AndroidManifest.xml:11:22-78
18
19    <queries>
19-->[:react-native-image-crop-picker] AndroidManifest.xml:10:5-14:15
20        <intent>
20-->[:react-native-image-crop-picker] AndroidManifest.xml:11:9-13:18
21            <action android:name="android.media.action.IMAGE_CAPTURE" />
21-->[:react-native-image-crop-picker] AndroidManifest.xml:12:13-73
21-->[:react-native-image-crop-picker] AndroidManifest.xml:12:21-70
22        </intent>
23    </queries>
24
25    <uses-permission android:name="android.permission.ACCESS_COARSE_LOCATION" /> <!-- Required to access Google Play Licensing -->
25-->[:react-native-maps] AndroidManifest.xml:10:5-81
25-->[:react-native-maps] AndroidManifest.xml:10:22-78
26    <uses-permission android:name="com.android.vending.CHECK_LICENSE" /> <!-- Required by older versions of Google Play services to create IID tokens -->
26-->[:rn-fetch-blob] AndroidManifest.xml:12:5-73
26-->[:rn-fetch-blob] AndroidManifest.xml:12:22-70
27    <uses-permission android:name="com.google.android.c2dm.permission.RECEIVE" />
27-->[com.google.firebase:firebase-messaging:21.1.0] AndroidManifest.xml:25:5-82
27-->[com.google.firebase:firebase-messaging:21.1.0] AndroidManifest.xml:25:22-79
28
29    <uses-feature
29-->[com.google.android.gms:play-services-maps:16.1.0] AndroidManifest.xml:26:5-28:35
30        android:glEsVersion="0x00020000"
30-->[com.google.android.gms:play-services-maps:16.1.0] AndroidManifest.xml:27:9-41
31        android:required="true" /> <!-- for android -->
31-->[com.google.android.gms:play-services-maps:16.1.0] AndroidManifest.xml:28:9-32
32    <!-- <uses-permission android:name="com.android.launcher.permission.READ_SETTINGS"/> -->
33    <!-- <uses-permission android:name="com.android.launcher.permission.WRITE_SETTINGS"/> -->
34    <!-- <uses-permission android:name="com.android.launcher.permission.INSTALL_SHORTCUT" /> -->
35    <!-- <uses-permission android:name="com.android.launcher.permission.UNINSTALL_SHORTCUT" /> -->
36    <!-- for Samsung -->
37    <uses-permission android:name="com.sec.android.provider.badge.permission.READ" />
37-->[me.leolin:ShortcutBadger:1.1.22] AndroidManifest.xml:19:5-86
37-->[me.leolin:ShortcutBadger:1.1.22] AndroidManifest.xml:19:22-83
38    <uses-permission android:name="com.sec.android.provider.badge.permission.WRITE" /> <!-- for htc -->
38-->[me.leolin:ShortcutBadger:1.1.22] AndroidManifest.xml:20:5-87
38-->[me.leolin:ShortcutBadger:1.1.22] AndroidManifest.xml:20:22-84
39    <uses-permission android:name="com.htc.launcher.permission.READ_SETTINGS" />
39-->[me.leolin:ShortcutBadger:1.1.22] AndroidManifest.xml:23:5-81
39-->[me.leolin:ShortcutBadger:1.1.22] AndroidManifest.xml:23:22-78
40    <uses-permission android:name="com.htc.launcher.permission.UPDATE_SHORTCUT" /> <!-- for sony -->
40-->[me.leolin:ShortcutBadger:1.1.22] AndroidManifest.xml:24:5-83
40-->[me.leolin:ShortcutBadger:1.1.22] AndroidManifest.xml:24:22-80
41    <uses-permission android:name="com.sonyericsson.home.permission.BROADCAST_BADGE" />
41-->[me.leolin:ShortcutBadger:1.1.22] AndroidManifest.xml:27:5-88
41-->[me.leolin:ShortcutBadger:1.1.22] AndroidManifest.xml:27:22-85
42    <uses-permission android:name="com.sonymobile.home.permission.PROVIDER_INSERT_BADGE" /> <!-- for apex -->
42-->[me.leolin:ShortcutBadger:1.1.22] AndroidManifest.xml:28:5-92
42-->[me.leolin:ShortcutBadger:1.1.22] AndroidManifest.xml:28:22-89
43    <uses-permission android:name="com.anddoes.launcher.permission.UPDATE_COUNT" /> <!-- for solid -->
43-->[me.leolin:ShortcutBadger:1.1.22] AndroidManifest.xml:31:5-84
43-->[me.leolin:ShortcutBadger:1.1.22] AndroidManifest.xml:31:22-81
44    <uses-permission android:name="com.majeur.launcher.permission.UPDATE_BADGE" /> <!-- for huawei -->
44-->[me.leolin:ShortcutBadger:1.1.22] AndroidManifest.xml:34:5-83
44-->[me.leolin:ShortcutBadger:1.1.22] AndroidManifest.xml:34:22-80
45    <uses-permission android:name="com.huawei.android.launcher.permission.CHANGE_BADGE" />
45-->[me.leolin:ShortcutBadger:1.1.22] AndroidManifest.xml:37:5-91
45-->[me.leolin:ShortcutBadger:1.1.22] AndroidManifest.xml:37:22-88
46    <uses-permission android:name="com.huawei.android.launcher.permission.READ_SETTINGS" />
46-->[me.leolin:ShortcutBadger:1.1.22] AndroidManifest.xml:38:5-92
46-->[me.leolin:ShortcutBadger:1.1.22] AndroidManifest.xml:38:22-89
47    <uses-permission android:name="com.huawei.android.launcher.permission.WRITE_SETTINGS" /> <!-- for ZUK -->
47-->[me.leolin:ShortcutBadger:1.1.22] AndroidManifest.xml:39:5-93
47-->[me.leolin:ShortcutBadger:1.1.22] AndroidManifest.xml:39:22-90
48    <uses-permission android:name="android.permission.READ_APP_BADGE" /> <!-- for OPPO -->
48-->[me.leolin:ShortcutBadger:1.1.22] AndroidManifest.xml:42:5-73
48-->[me.leolin:ShortcutBadger:1.1.22] AndroidManifest.xml:42:22-70
49    <uses-permission android:name="com.oppo.launcher.permission.READ_SETTINGS" />
49-->[me.leolin:ShortcutBadger:1.1.22] AndroidManifest.xml:45:5-82
49-->[me.leolin:ShortcutBadger:1.1.22] AndroidManifest.xml:45:22-79
50    <uses-permission android:name="com.oppo.launcher.permission.WRITE_SETTINGS" /> <!-- for EvMe -->
50-->[me.leolin:ShortcutBadger:1.1.22] AndroidManifest.xml:46:5-83
50-->[me.leolin:ShortcutBadger:1.1.22] AndroidManifest.xml:46:22-80
51    <uses-permission android:name="me.everything.badger.permission.BADGE_COUNT_READ" />
51-->[me.leolin:ShortcutBadger:1.1.22] AndroidManifest.xml:49:5-88
51-->[me.leolin:ShortcutBadger:1.1.22] AndroidManifest.xml:49:22-85
52    <uses-permission android:name="me.everything.badger.permission.BADGE_COUNT_WRITE" />
52-->[me.leolin:ShortcutBadger:1.1.22] AndroidManifest.xml:50:5-89
52-->[me.leolin:ShortcutBadger:1.1.22] AndroidManifest.xml:50:22-86
53    <uses-permission android:name="com.google.android.finsky.permission.BIND_GET_INSTALL_REFERRER_SERVICE" />
53-->[com.android.installreferrer:installreferrer:1.1.2] AndroidManifest.xml:9:5-110
53-->[com.android.installreferrer:installreferrer:1.1.2] AndroidManifest.xml:9:22-107
54
55    <application
55-->src/main/AndroidManifest.xml:9:5-31:19
56        android:name="com.masterdiskon.MainApplication"
56-->src/main/AndroidManifest.xml:10:7-38
57        android:allowBackup="false"
57-->src/main/AndroidManifest.xml:13:7-34
58        android:appComponentFactory="androidx.core.app.CoreComponentFactory"
58-->[androidx.core:core:1.3.0] AndroidManifest.xml:24:18-86
59        android:icon="@mipmap/ic_launcher"
59-->src/main/AndroidManifest.xml:12:7-41
60        android:label="@string/app_name"
60-->src/main/AndroidManifest.xml:11:7-39
61        android:supportsRtl="true"
61-->[com.facebook.android:facebook-android-sdk:5.15.3] AndroidManifest.xml:28:18-44
62        android:theme="@style/AppTheme"
62-->src/main/AndroidManifest.xml:15:7-38
63        android:usesCleartextTraffic="true" >
63-->src/main/AndroidManifest.xml:14:7-42
64        <meta-data
64-->src/main/AndroidManifest.xml:16:7-105
65            android:name="com.facebook.sdk.ApplicationId"
65-->src/main/AndroidManifest.xml:16:18-63
66            android:value="@string/facebook_app_id" />
66-->src/main/AndroidManifest.xml:16:64-103
67        <meta-data
67-->src/main/AndroidManifest.xml:17:7-19:64
68            android:name="com.google.android.geo.API_KEY"
68-->src/main/AndroidManifest.xml:18:7-52
69            android:value="AIzaSyDvaS7W8iRIZTGJ6v5yePMWF4B2sCEVWqg" />
69-->src/main/AndroidManifest.xml:19:7-62
70
71        <activity
71-->src/main/AndroidManifest.xml:20:7-29:18
72            android:name="com.masterdiskon.MainActivity"
72-->src/main/AndroidManifest.xml:21:9-37
73            android:configChanges="keyboard|keyboardHidden|orientation|screenSize"
73-->src/main/AndroidManifest.xml:23:9-79
74            android:label="@string/app_name"
74-->src/main/AndroidManifest.xml:22:9-41
75            android:windowSoftInputMode="adjustResize" >
75-->src/main/AndroidManifest.xml:24:9-51
76            <intent-filter>
76-->src/main/AndroidManifest.xml:25:9-28:25
77                <action android:name="android.intent.action.MAIN" />
77-->src/main/AndroidManifest.xml:26:13-65
77-->src/main/AndroidManifest.xml:26:21-62
78
79                <category android:name="android.intent.category.LAUNCHER" />
79-->src/main/AndroidManifest.xml:27:13-73
79-->src/main/AndroidManifest.xml:27:23-70
80            </intent-filter>
81        </activity>
82        <activity android:name="com.facebook.react.devsupport.DevSettingsActivity" />
82-->src/main/AndroidManifest.xml:30:7-84
82-->src/main/AndroidManifest.xml:30:17-81
83        <activity
83-->[com.facebook.android:facebook-common:7.1.0] AndroidManifest.xml:30:9-33:66
84            android:name="com.facebook.FacebookActivity"
84-->[com.facebook.android:facebook-common:7.1.0] AndroidManifest.xml:31:13-57
85            android:configChanges="keyboard|keyboardHidden|screenLayout|screenSize|orientation"
85-->[com.facebook.android:facebook-common:7.1.0] AndroidManifest.xml:32:13-96
86            android:theme="@style/com_facebook_activity_theme" />
86-->[com.facebook.android:facebook-common:7.1.0] AndroidManifest.xml:33:13-63
87        <activity android:name="com.facebook.CustomTabMainActivity" />
87-->[com.facebook.android:facebook-common:7.1.0] AndroidManifest.xml:34:9-71
87-->[com.facebook.android:facebook-common:7.1.0] AndroidManifest.xml:34:19-68
88        <activity
88-->[com.facebook.android:facebook-common:7.1.0] AndroidManifest.xml:35:9-49:20
89            android:name="com.facebook.CustomTabActivity"
89-->[com.facebook.android:facebook-common:7.1.0] AndroidManifest.xml:36:13-58
90            android:exported="true" >
90-->[com.facebook.android:facebook-common:7.1.0] AndroidManifest.xml:37:13-36
91            <intent-filter>
91-->[com.facebook.android:facebook-common:7.1.0] AndroidManifest.xml:39:13-48:29
92                <action android:name="android.intent.action.VIEW" />
92-->[com.facebook.android:facebook-common:7.1.0] AndroidManifest.xml:40:17-69
92-->[com.facebook.android:facebook-common:7.1.0] AndroidManifest.xml:40:25-66
93
94                <category android:name="android.intent.category.DEFAULT" />
94-->[com.facebook.android:facebook-common:7.1.0] AndroidManifest.xml:42:17-76
94-->[com.facebook.android:facebook-common:7.1.0] AndroidManifest.xml:42:27-73
95                <category android:name="android.intent.category.BROWSABLE" />
95-->[com.facebook.android:facebook-common:7.1.0] AndroidManifest.xml:43:17-78
95-->[com.facebook.android:facebook-common:7.1.0] AndroidManifest.xml:43:27-75
96
97                <data
97-->[com.facebook.android:facebook-common:7.1.0] AndroidManifest.xml:45:17-47:50
98                    android:host="cct.com.masterdiskon"
98-->[com.facebook.android:facebook-common:7.1.0] AndroidManifest.xml:46:21-56
99                    android:scheme="fbconnect" />
99-->[com.facebook.android:facebook-common:7.1.0] AndroidManifest.xml:47:21-47
100            </intent-filter>
101        </activity>
102
103        <service android:name="io.invertase.firebase.messaging.ReactNativeFirebaseMessagingHeadlessService" />
103-->[:react-native-firebase_messaging] AndroidManifest.xml:16:9-111
103-->[:react-native-firebase_messaging] AndroidManifest.xml:16:18-108
104        <service
104-->[:react-native-firebase_messaging] AndroidManifest.xml:17:9-23:19
105            android:name="io.invertase.firebase.messaging.ReactNativeFirebaseMessagingService"
105-->[:react-native-firebase_messaging] AndroidManifest.xml:18:13-95
106            android:exported="false" >
106-->[:react-native-firebase_messaging] AndroidManifest.xml:19:13-37
107            <intent-filter>
107-->[:react-native-firebase_messaging] AndroidManifest.xml:20:13-22:29
108                <action android:name="com.google.firebase.MESSAGING_EVENT" />
108-->[:react-native-firebase_messaging] AndroidManifest.xml:21:17-78
108-->[:react-native-firebase_messaging] AndroidManifest.xml:21:25-75
109            </intent-filter>
110        </service>
111
112        <receiver
112-->[:react-native-firebase_messaging] AndroidManifest.xml:25:9-32:20
113            android:name="io.invertase.firebase.messaging.ReactNativeFirebaseMessagingReceiver"
113-->[:react-native-firebase_messaging] AndroidManifest.xml:26:13-96
114            android:exported="true"
114-->[:react-native-firebase_messaging] AndroidManifest.xml:27:13-36
115            android:permission="com.google.android.c2dm.permission.SEND" >
115-->[:react-native-firebase_messaging] AndroidManifest.xml:28:13-73
116            <intent-filter>
116-->[:react-native-firebase_messaging] AndroidManifest.xml:29:13-31:29
117                <action android:name="com.google.android.c2dm.intent.RECEIVE" />
117-->[:react-native-firebase_messaging] AndroidManifest.xml:30:17-81
117-->[:react-native-firebase_messaging] AndroidManifest.xml:30:25-78
118            </intent-filter>
119        </receiver>
120
121        <meta-data
121-->[:react-native-firebase_messaging] AndroidManifest.xml:34:9-36:36
122            android:name="firebase_messaging_auto_init_enabled"
122-->[:react-native-firebase_messaging] AndroidManifest.xml:35:13-64
123            android:value="true" />
123-->[:react-native-firebase_messaging] AndroidManifest.xml:36:13-33
124        <meta-data
124-->[:react-native-firebase_messaging] AndroidManifest.xml:37:9-39:32
125            android:name="com.google.firebase.messaging.default_notification_channel_id"
125-->[:react-native-firebase_messaging] AndroidManifest.xml:38:13-89
126            android:value="" />
126-->[:react-native-firebase_messaging] AndroidManifest.xml:39:13-29
127        <meta-data
127-->[:react-native-firebase_messaging] AndroidManifest.xml:40:9-42:47
128            android:name="com.google.firebase.messaging.default_notification_color"
128-->[:react-native-firebase_messaging] AndroidManifest.xml:41:13-84
129            android:resource="@color/white" />
129-->[:react-native-firebase_messaging] AndroidManifest.xml:42:13-44
130
131        <provider
131-->[:react-native-image-crop-picker] AndroidManifest.xml:19:9-27:20
132            android:name="androidx.core.content.FileProvider"
132-->[:react-native-image-crop-picker] AndroidManifest.xml:20:13-62
133            android:authorities="com.masterdiskon.provider"
133-->[:react-native-image-crop-picker] AndroidManifest.xml:21:13-60
134            android:exported="false"
134-->[:react-native-image-crop-picker] AndroidManifest.xml:22:13-37
135            android:grantUriPermissions="true" >
135-->[:react-native-image-crop-picker] AndroidManifest.xml:23:13-47
136            <meta-data
136-->[:react-native-image-crop-picker] AndroidManifest.xml:24:13-26:58
137                android:name="android.support.FILE_PROVIDER_PATHS"
137-->[:react-native-image-crop-picker] AndroidManifest.xml:25:17-67
138                android:resource="@xml/provider_paths" />
138-->[:react-native-image-crop-picker] AndroidManifest.xml:26:17-55
139        </provider>
140
141        <activity
141-->[:react-native-image-crop-picker] AndroidManifest.xml:29:9-31:72
142            android:name="com.yalantis.ucrop.UCropActivity"
142-->[:react-native-image-crop-picker] AndroidManifest.xml:30:13-60
143            android:theme="@style/Theme.AppCompat.Light.NoActionBar" />
143-->[:react-native-image-crop-picker] AndroidManifest.xml:31:13-69
144
145        <provider
145-->[:react-native-share] AndroidManifest.xml:10:9-18:20
146            android:name="cl.json.RNShareFileProvider"
146-->[:react-native-share] AndroidManifest.xml:11:13-55
147            android:authorities="com.masterdiskon.rnshare.fileprovider"
147-->[:react-native-share] AndroidManifest.xml:12:13-72
148            android:exported="false"
148-->[:react-native-share] AndroidManifest.xml:13:13-37
149            android:grantUriPermissions="true" >
149-->[:react-native-share] AndroidManifest.xml:14:13-47
150            <meta-data
150-->[:react-native-image-crop-picker] AndroidManifest.xml:24:13-26:58
151                android:name="android.support.FILE_PROVIDER_PATHS"
151-->[:react-native-image-crop-picker] AndroidManifest.xml:25:17-67
152                android:resource="@xml/share_download_paths" />
152-->[:react-native-image-crop-picker] AndroidManifest.xml:26:17-55
153        </provider>
154        <provider
154-->[:react-native-webview] AndroidManifest.xml:12:9-20:20
155            android:name="com.reactnativecommunity.webview.RNCWebViewFileProvider"
155-->[:react-native-webview] AndroidManifest.xml:13:13-83
156            android:authorities="com.masterdiskon.fileprovider"
156-->[:react-native-webview] AndroidManifest.xml:14:13-64
157            android:exported="false"
157-->[:react-native-webview] AndroidManifest.xml:15:13-37
158            android:grantUriPermissions="true" >
158-->[:react-native-webview] AndroidManifest.xml:16:13-47
159            <meta-data
159-->[:react-native-image-crop-picker] AndroidManifest.xml:24:13-26:58
160                android:name="android.support.FILE_PROVIDER_PATHS"
160-->[:react-native-image-crop-picker] AndroidManifest.xml:25:17-67
161                android:resource="@xml/file_provider_paths" />
161-->[:react-native-image-crop-picker] AndroidManifest.xml:26:17-55
162        </provider>
163        <provider
163-->[:rn-fetch-blob] AndroidManifest.xml:36:9-44:20
164            android:name="com.RNFetchBlob.Utils.FileProvider"
164-->[:rn-fetch-blob] AndroidManifest.xml:37:13-62
165            android:authorities="com.masterdiskon.provider"
165-->[:rn-fetch-blob] AndroidManifest.xml:38:13-60
166            android:exported="false"
166-->[:rn-fetch-blob] AndroidManifest.xml:39:13-37
167            android:grantUriPermissions="true" >
167-->[:rn-fetch-blob] AndroidManifest.xml:40:13-47
168            <meta-data
168-->[:react-native-image-crop-picker] AndroidManifest.xml:24:13-26:58
169                android:name="android.support.FILE_PROVIDER_PATHS"
169-->[:react-native-image-crop-picker] AndroidManifest.xml:25:17-67
170                android:resource="@xml/provider_paths" />
170-->[:react-native-image-crop-picker] AndroidManifest.xml:26:17-55
171        </provider>
172        <!--
173         The initialization ContentProvider will call FacebookSdk.sdkInitialize automatically
174         with the application context. This config is merged in with the host app's manifest,
175         but there can only be one provider with the same authority activated at any given
176         point; so if the end user has two or more different apps that use Facebook SDK, only the
177         first one will be able to use the provider. To work around this problem, we use the
178         following placeholder in the authority to identify each host application as if it was
179         a completely different provider.
180        -->
181        <provider
181-->[com.facebook.android:facebook-core:7.1.0] AndroidManifest.xml:39:9-42:40
182            android:name="com.facebook.internal.FacebookInitProvider"
182-->[com.facebook.android:facebook-core:7.1.0] AndroidManifest.xml:40:13-70
183            android:authorities="com.masterdiskon.FacebookInitProvider"
183-->[com.facebook.android:facebook-core:7.1.0] AndroidManifest.xml:41:13-72
184            android:exported="false" />
184-->[com.facebook.android:facebook-core:7.1.0] AndroidManifest.xml:42:13-37
185
186        <receiver
186-->[com.facebook.android:facebook-core:7.1.0] AndroidManifest.xml:44:9-50:20
187            android:name="com.facebook.CurrentAccessTokenExpirationBroadcastReceiver"
187-->[com.facebook.android:facebook-core:7.1.0] AndroidManifest.xml:45:13-86
188            android:exported="false" >
188-->[com.facebook.android:facebook-core:7.1.0] AndroidManifest.xml:46:13-37
189            <intent-filter>
189-->[com.facebook.android:facebook-core:7.1.0] AndroidManifest.xml:47:13-49:29
190                <action android:name="com.facebook.sdk.ACTION_CURRENT_ACCESS_TOKEN_CHANGED" />
190-->[com.facebook.android:facebook-core:7.1.0] AndroidManifest.xml:48:17-95
190-->[com.facebook.android:facebook-core:7.1.0] AndroidManifest.xml:48:25-92
191            </intent-filter>
192        </receiver>
193        <receiver
193-->[com.google.firebase:firebase-messaging:21.1.0] AndroidManifest.xml:28:9-35:20
194            android:name="com.google.firebase.iid.FirebaseInstanceIdReceiver"
194-->[com.google.firebase:firebase-messaging:21.1.0] AndroidManifest.xml:29:13-78
195            android:exported="true"
195-->[com.google.firebase:firebase-messaging:21.1.0] AndroidManifest.xml:30:13-36
196            android:permission="com.google.android.c2dm.permission.SEND" >
196-->[com.google.firebase:firebase-messaging:21.1.0] AndroidManifest.xml:31:13-73
197            <intent-filter>
197-->[:react-native-firebase_messaging] AndroidManifest.xml:29:13-31:29
198                <action android:name="com.google.android.c2dm.intent.RECEIVE" />
198-->[:react-native-firebase_messaging] AndroidManifest.xml:30:17-81
198-->[:react-native-firebase_messaging] AndroidManifest.xml:30:25-78
199            </intent-filter>
200        </receiver>
201        <!--
202             FirebaseMessagingService performs security checks at runtime,
203             but set to not exported to explicitly avoid allowing another app to call it.
204        -->
205        <service
205-->[com.google.firebase:firebase-messaging:21.1.0] AndroidManifest.xml:41:9-48:19
206            android:name="com.google.firebase.messaging.FirebaseMessagingService"
206-->[com.google.firebase:firebase-messaging:21.1.0] AndroidManifest.xml:42:13-82
207            android:directBootAware="true"
207-->[com.google.firebase:firebase-messaging:21.1.0] AndroidManifest.xml:43:13-43
208            android:exported="false" >
208-->[com.google.firebase:firebase-messaging:21.1.0] AndroidManifest.xml:44:13-37
209            <intent-filter android:priority="-500" >
209-->[:react-native-firebase_messaging] AndroidManifest.xml:20:13-22:29
210                <action android:name="com.google.firebase.MESSAGING_EVENT" />
210-->[:react-native-firebase_messaging] AndroidManifest.xml:21:17-78
210-->[:react-native-firebase_messaging] AndroidManifest.xml:21:25-75
211            </intent-filter>
212        </service>
213        <service
213-->[com.google.firebase:firebase-messaging:21.1.0] AndroidManifest.xml:49:9-55:19
214            android:name="com.google.firebase.components.ComponentDiscoveryService"
214-->[com.google.firebase:firebase-messaging:21.1.0] AndroidManifest.xml:50:13-84
215            android:directBootAware="true"
215-->[com.google.firebase:firebase-common:19.5.0] AndroidManifest.xml:35:13-43
216            android:exported="false" >
216-->[com.google.firebase:firebase-messaging:21.1.0] AndroidManifest.xml:51:13-37
217            <meta-data
217-->[com.google.firebase:firebase-messaging:21.1.0] AndroidManifest.xml:52:13-54:85
218                android:name="com.google.firebase.components:com.google.firebase.messaging.FirebaseMessagingRegistrar"
218-->[com.google.firebase:firebase-messaging:21.1.0] AndroidManifest.xml:53:17-119
219                android:value="com.google.firebase.components.ComponentRegistrar" />
219-->[com.google.firebase:firebase-messaging:21.1.0] AndroidManifest.xml:54:17-82
220            <meta-data
220-->[com.google.firebase:firebase-iid:21.1.0] AndroidManifest.xml:32:13-34:85
221                android:name="com.google.firebase.components:com.google.firebase.iid.Registrar"
221-->[com.google.firebase:firebase-iid:21.1.0] AndroidManifest.xml:33:17-96
222                android:value="com.google.firebase.components.ComponentRegistrar" />
222-->[com.google.firebase:firebase-iid:21.1.0] AndroidManifest.xml:34:17-82
223            <meta-data
223-->[com.google.firebase:firebase-auth:20.0.3] AndroidManifest.xml:77:13-79:85
224                android:name="com.google.firebase.components:com.google.firebase.auth.FirebaseAuthRegistrar"
224-->[com.google.firebase:firebase-auth:20.0.3] AndroidManifest.xml:78:17-109
225                android:value="com.google.firebase.components.ComponentRegistrar" />
225-->[com.google.firebase:firebase-auth:20.0.3] AndroidManifest.xml:79:17-82
226            <meta-data
226-->[com.google.firebase:firebase-datatransport:17.0.10] AndroidManifest.xml:28:13-30:85
227                android:name="com.google.firebase.components:com.google.firebase.datatransport.TransportRegistrar"
227-->[com.google.firebase:firebase-datatransport:17.0.10] AndroidManifest.xml:29:17-115
228                android:value="com.google.firebase.components.ComponentRegistrar" />
228-->[com.google.firebase:firebase-datatransport:17.0.10] AndroidManifest.xml:30:17-82
229            <meta-data
229-->[com.google.firebase:firebase-installations:16.3.5] AndroidManifest.xml:18:13-20:85
230                android:name="com.google.firebase.components:com.google.firebase.installations.FirebaseInstallationsRegistrar"
230-->[com.google.firebase:firebase-installations:16.3.5] AndroidManifest.xml:19:17-127
231                android:value="com.google.firebase.components.ComponentRegistrar" />
231-->[com.google.firebase:firebase-installations:16.3.5] AndroidManifest.xml:20:17-82
232            <!--
233                This registrar is not defined in the dynamic-module-support sdk itself to allow non-firebase
234                clients to use it as well, by defining this registrar in their own core/common library.
235            -->
236            <meta-data
236-->[com.google.firebase:firebase-common:19.5.0] AndroidManifest.xml:43:13-45:85
237                android:name="com.google.firebase.components:com.google.firebase.dynamicloading.DynamicLoadingRegistrar"
237-->[com.google.firebase:firebase-common:19.5.0] AndroidManifest.xml:44:17-121
238                android:value="com.google.firebase.components.ComponentRegistrar" />
238-->[com.google.firebase:firebase-common:19.5.0] AndroidManifest.xml:45:17-82
239        </service>
240
241        <meta-data
241-->[com.github.bumptech.glide:okhttp3-integration:4.9.0] AndroidManifest.xml:11:9-13:43
242            android:name="com.bumptech.glide.integration.okhttp3.OkHttpGlideModule"
242-->[com.github.bumptech.glide:okhttp3-integration:4.9.0] AndroidManifest.xml:12:13-84
243            android:value="GlideModule" />
243-->[com.github.bumptech.glide:okhttp3-integration:4.9.0] AndroidManifest.xml:13:13-40
244
245        <activity
245-->[com.google.android.gms:play-services-auth:19.0.0] AndroidManifest.xml:23:9-27:75
246            android:name="com.google.android.gms.auth.api.signin.internal.SignInHubActivity"
246-->[com.google.android.gms:play-services-auth:19.0.0] AndroidManifest.xml:24:13-93
247            android:excludeFromRecents="true"
247-->[com.google.android.gms:play-services-auth:19.0.0] AndroidManifest.xml:25:13-46
248            android:exported="false"
248-->[com.google.android.gms:play-services-auth:19.0.0] AndroidManifest.xml:26:13-37
249            android:theme="@android:style/Theme.Translucent.NoTitleBar" />
249-->[com.google.android.gms:play-services-auth:19.0.0] AndroidManifest.xml:27:13-72
250        <!--
251            Service handling Google Sign-In user revocation. For apps that do not integrate with
252            Google Sign-In, this service will never be started.
253        -->
254        <service
254-->[com.google.android.gms:play-services-auth:19.0.0] AndroidManifest.xml:33:9-37:51
255            android:name="com.google.android.gms.auth.api.signin.RevocationBoundService"
255-->[com.google.android.gms:play-services-auth:19.0.0] AndroidManifest.xml:34:13-89
256            android:exported="true"
256-->[com.google.android.gms:play-services-auth:19.0.0] AndroidManifest.xml:35:13-36
257            android:permission="com.google.android.gms.auth.api.signin.permission.REVOCATION_NOTIFICATION"
257-->[com.google.android.gms:play-services-auth:19.0.0] AndroidManifest.xml:36:13-107
258            android:visibleToInstantApps="true" />
258-->[com.google.android.gms:play-services-auth:19.0.0] AndroidManifest.xml:37:13-48
259
260        <activity
260-->[com.google.firebase:firebase-auth:20.0.3] AndroidManifest.xml:27:9-44:20
261            android:name="com.google.firebase.auth.internal.GenericIdpActivity"
261-->[com.google.firebase:firebase-auth:20.0.3] AndroidManifest.xml:28:13-80
262            android:excludeFromRecents="true"
262-->[com.google.firebase:firebase-auth:20.0.3] AndroidManifest.xml:29:13-46
263            android:exported="true"